<?xml version="1.0" encoding="UTF-8"?>
<!-- Generated by org.testng.reporters.JUnitReportReporter -->
<testsuite hostname="DVM030" failures="0" tests="4" name="sandbox.selenium.testcases.CheckPasswordValidations" time="5.164" errors="0" timestamp="2021-01-27T10:52:16 MEZ" skipped="0">
  <testcase classname="sandbox.selenium.testcases.CheckPasswordValidations" name="emptyCurrentNewAndConfirmPass" time="1.122"/>
  <system-out/>
  <testcase classname="sandbox.selenium.testcases.CheckPasswordValidations" name="wrongCurrentPass" time="1.400"/>
  <system-out/>
  <testcase classname="sandbox.selenium.testcases.CheckPasswordValidations" name="wrongNewPassLength" time="1.330"/>
  <system-out/>
  <testcase classname="sandbox.selenium.testcases.CheckPasswordValidations" name="wrongMatchNewAndConfirmPass" time="1.312"/>
  <system-out/>
</testsuite> <!-- sandbox.selenium.testcases.CheckPasswordValidations -->
