<?xml version="1.0" encoding="UTF-8"?>
<!-- Generated by org.testng.reporters.JUnitReportReporter -->
<testsuite hostname="DVM030" failures="0" tests="1" name="sandbox.selenium.testcases.CreateUseCaseFiveAndReplacingChar" time="54.517" errors="0" timestamp="2021-01-24T16:23:05 MEZ" skipped="0">
  <testcase classname="sandbox.selenium.testcases.CreateUseCaseFiveAndReplacingChar" name="editUseCaseByReplacingChar" time="54.517"/>
  <system-out/>
</testsuite> <!-- sandbox.selenium.testcases.CreateUseCaseFiveAndReplacingChar -->
