<?xml version="1.0" encoding="UTF-8"?>
<!-- Generated by org.testng.reporters.JUnitReportReporter -->
<testsuite hostname="DVM030" failures="0" tests="1" name="sandbox.selenium.testcases.CreateUseCaseThree" time="3.171" errors="0" timestamp="2021-01-27T10:52:16 MEZ" skipped="0">
  <testcase classname="sandbox.selenium.testcases.CreateUseCaseThree" name="createUseCase" time="3.171"/>
  <system-out/>
</testsuite> <!-- sandbox.selenium.testcases.CreateUseCaseThree -->
