<?xml version="1.0" encoding="UTF-8"?>
<!-- Generated by org.testng.reporters.JUnitReportReporter -->
<testsuite hostname="DVM030" failures="0" tests="1" name="sandbox.selenium.testcases.EditCaseWithReplacingChar" time="2.795" errors="0" timestamp="2021-01-27T12:21:45 MEZ" skipped="0">
  <testcase classname="sandbox.selenium.testcases.EditCaseWithReplacingChar" name="replacingCharacters" time="2.795"/>
  <system-out/>
</testsuite> <!-- sandbox.selenium.testcases.EditCaseWithReplacingChar -->
