<?xml version="1.0" encoding="UTF-8"?>
<!-- Generated by org.testng.reporters.JUnitReportReporter -->
<testsuite hostname="DVM030" failures="0" tests="1" name="sandbox.selenium.testcases.CreateNewIssueWithRandomList" time="2.496" errors="0" timestamp="2021-01-27T10:52:16 MEZ" skipped="0">
  <testcase classname="sandbox.selenium.testcases.CreateNewIssueWithRandomList" name="reportNewIssue" time="2.496"/>
  <system-out/>
</testsuite> <!-- sandbox.selenium.testcases.CreateNewIssueWithRandomList -->
