<?xml version="1.0" encoding="UTF-8"?>
<!-- Generated by org.testng.reporters.JUnitReportReporter -->
<testsuite hostname="DVM030" failures="0" tests="5" name="sandbox.selenium.testcases.PlaygroundTest" time="7.686" errors="0" timestamp="2021-01-27T11:00:08 MEZ" skipped="0">
  <testcase classname="sandbox.selenium.testcases.PlaygroundTest" name="createNewTeams" time="1.220"/>
  <system-out/>
  <testcase classname="sandbox.selenium.testcases.PlaygroundTest" name="createNewSeniorities" time="1.165"/>
  <system-out/>
  <testcase classname="sandbox.selenium.testcases.PlaygroundTest" name="createNewTechnologies" time="1.166"/>
  <system-out/>
  <testcase classname="sandbox.selenium.testcases.PlaygroundTest" name="createNewProject" time="0.722"/>
  <system-out/>
  <testcase classname="sandbox.selenium.testcases.PlaygroundTest" name="createNewPersons" time="3.413"/>
  <system-out/>
</testsuite> <!-- sandbox.selenium.testcases.PlaygroundTest -->
