<?xml version="1.0" encoding="UTF-8"?>
<!-- Generated by org.testng.reporters.JUnitReportReporter -->
<testsuite hostname="DVM030" failures="0" tests="4" name="sandbox.selenium.testcases.CheckLoginValidations" time="4.922" errors="0" timestamp="2021-01-27T10:52:16 MEZ" skipped="0">
  <testcase classname="sandbox.selenium.testcases.CheckLoginValidations" name="emptyUsernameAndPassword" time="1.114"/>
  <system-out/>
  <testcase classname="sandbox.selenium.testcases.CheckLoginValidations" name="wrongUsernameAndPassword" time="1.316"/>
  <system-out/>
  <testcase classname="sandbox.selenium.testcases.CheckLoginValidations" name="correctUsernameAndWrongPassword" time="1.255"/>
  <system-out/>
  <testcase classname="sandbox.selenium.testcases.CheckLoginValidations" name="correctPasswordAndShortUsername" time="1.237"/>
  <system-out/>
</testsuite> <!-- sandbox.selenium.testcases.CheckLoginValidations -->
