<?xml version="1.0" encoding="UTF-8"?>
<!-- Generated by org.testng.reporters.JUnitReportReporter -->
<testsuite hostname="DVM030" failures="0" tests="1" name="sandbox.selenium.testcases.CreateUseCaseFive" time="2.675" errors="0" timestamp="2021-01-27T10:52:16 MEZ" skipped="0">
  <testcase classname="sandbox.selenium.testcases.CreateUseCaseFive" name="createUseCase" time="2.675"/>
  <system-out/>
</testsuite> <!-- sandbox.selenium.testcases.CreateUseCaseFive -->
